Start testing: Oct 15 00:09 EDT
----------------------------------------------------------
1/1 Testing: test_greene
1/1 Test: test_greene
Command: "/bin/sh" "/home/iaa/gnuradio/gr-greene/build/lib/test_greene_test.sh"
Directory: /home/iaa/gnuradio/gr-greene/build/lib
"test_greene" start time: Oct 15 00:09 EDT
Output:
----------------------------------------------------------


<end of output>
Test time =   0.00 sec
----------------------------------------------------------
Test Passed.
"test_greene" end time: Oct 15 00:09 EDT
"test_greene" time elapsed: 00:00:00
----------------------------------------------------------

End testing: Oct 15 00:09 EDT
